\BOOKMARK [1][-]{section*.1}{\376\377\000I\000n\000t\000r\000o\000d\000u\000c\000t\000i\000o\000n}{}% 1
\BOOKMARK [2][-]{section*.2}{\376\377\000L\000e\000\040\000c\000l\000o\000u\000d\000\040\000c\000o\000m\000p\000u\000t\000i\000n\000g}{section*.1}% 2
\BOOKMARK [2][-]{section*.3}{\376\377\000C\000o\000n\000t\000e\000x\000t\000e\000\040\000d\000u\000\040\000p\000r\000o\000j\000e\000t}{section*.1}% 3
\BOOKMARK [2][-]{section*.4}{\376\377\000E\000n\000j\000e\000u\000\040\000e\000t\000\040\000p\000r\000o\000b\000l\000\351\000m\000a\000t\000i\000q\000u\000e}{section*.1}% 4
\BOOKMARK [2][-]{section*.5}{\376\377\000Q\000u\000e\000l\000q\000u\000e\000s\000\040\000m\000o\000t\000s\000\040\000s\000u\000r\000\040\000O\000p\000e\000n\000s\000t\000a\000c\000k}{section*.1}% 5
\BOOKMARK [2][-]{section*.6}{\376\377\000Q\000u\000e\000l\000q\000u\000e\000s\000\040\000m\000o\000t\000s\000\040\000s\000u\000r\000\040\000T\000e\000r\000r\000a\000f\000o\000r\000m}{section*.1}% 6
\BOOKMARK [1][-]{section*.7}{\376\377\000T\000e\000r\000r\000a\000f\000o\000r\000m}{}% 7
\BOOKMARK [2][-]{section*.8}{\376\377\000P\000r\000\351\000s\000e\000n\000a\000t\000i\000o\000n\000\040\000\050\000S\000c\000h\000\351\000m\000a\000\040\000d\000e\000\040\000o\000u\000\040\000s\000e\000\040\000p\000l\000a\000c\000e\000\040\000d\000a\000n\000s\000\040\000p\000r\000o\000d\000\040\000-\000d\000a\000n\000s\000\040\000m\000e\000m\000e\000\040\000s\000t\000y\000l\000e\000\040\000c\000e\000l\000u\000i\000\040\000d\000u\000\040\000b\000o\000o\000k\000\040\000c\000r\000a\000c\000k\000\040\000m\000a\000i\000s\000\040\000a\000v\000e\000c\000\040\000a\000n\000s\000i\000b\000l\000e\000\040\000e\000n\000\040\000p\000l\000u\000s\000\040\000\050\000v\000o\000i\000r\000\040\000x\000m\000l\000\040\000d\000e\000\040\000d\000r\000a\000w\000.\000i\000o\000\051\000\051}{section*.7}% 8
\BOOKMARK [2][-]{section*.9}{\376\377\000C\000a\000r\000a\000c\000t\000\351\000r\000i\000s\000t\000i\000q\000u\000e\000s}{section*.7}% 9
\BOOKMARK [2][-]{section*.10}{\376\377\000Q\000u\000e\000l\000q\000u\000e\000s\000\040\000c\000a\000s\000\040\000d\000'\000u\000t\000i\000l\000i\000s\000a\000t\000i\000o\000n\000s\000\040\000\050\000s\000e\000l\000o\000n\000\040\000l\000a\000\040\000d\000o\000c\000\051}{section*.7}% 10
\BOOKMARK [3][-]{section*.11}{\376\377\000S\000e\000l\000f\000-\000s\000e\000r\000v\000i\000c\000e\000\040\000C\000l\000u\000s\000t\000e\000r}{section*.10}% 11
\BOOKMARK [3][-]{section*.12}{\376\377\000D\000\351\000m\000o\000s\000\040\000d\000e\000\040\000l\000o\000g\000i\000c\000i\000e\000l\000s}{section*.10}% 12
\BOOKMARK [3][-]{section*.13}{\376\377\000M\000u\000l\000t\000i\000\040\000C\000l\000o\000u\000d\000-\000D\000\351\000p\000l\000o\000i\000e\000m\000e\000n\000t}{section*.10}% 13
\BOOKMARK [2][-]{section*.14}{\376\377\000S\000y\000n\000t\000a\000x\000e\000\040\000u\000t\000i\000l\000i\000s\000\351}{section*.7}% 14
\BOOKMARK [3][-]{section*.15}{\376\377\000L\000e\000s\000\040\000b\000a\000s\000e\000s\000\040\000d\000u\000\040\000l\000a\000n\000g\000a\000g\000e}{section*.14}% 15
\BOOKMARK [2][-]{section*.16}{\376\377\000F\000o\000n\000c\000t\000i\000o\000n\000n\000e\000m\000e\000n\000t}{section*.7}% 16
\BOOKMARK [3][-]{section*.17}{\376\377\000B\000l\000o\000c\000\040\000p\000r\000o\000v\000i\000d\000e\000r}{section*.16}% 17
\BOOKMARK [3][-]{section*.18}{\376\377\000B\000l\000o\000c\000\040\000r\000e\000s\000o\000u\000r\000c\000e}{section*.16}% 18
\BOOKMARK [3][-]{section*.19}{\376\377\000V\000a\000r\000i\000a\000b\000l\000e\000s}{section*.16}% 19
\BOOKMARK [3][-]{section*.20}{\376\377\000M\000o\000d\000u\000l\000e\000s\000\040\000\050\000o\000n\000\040\000a\000\040\000p\000a\000s\000\040\000v\000r\000a\000i\000m\000e\000n\000t\000\040\000e\000x\000p\000l\000o\000r\000\351\000\040\000c\000a\000,\000\040\000o\000n\000\040\000l\000e\000\040\000m\000e\000t\000\040\000?\000\051}{section*.16}% 20
\BOOKMARK [3][-]{section*.21}{\376\377\000L\000e\000s\000\040\000c\000o\000m\000m\000a\000n\000d\000e\000s}{section*.16}% 21
\BOOKMARK [2][-]{section*.22}{\376\377\000C\000o\000n\000f\000i\000g\000u\000r\000a\000t\000i\000o\000n\000s\000\040\000e\000f\000f\000e\000c\000t\000u\000\351\000e\000s}{section*.7}% 22
\BOOKMARK [3][-]{section*.23}{\376\377\000K\000e\000y\000p\000a\000i\000r}{section*.22}% 23
\BOOKMARK [3][-]{section*.24}{\376\377\000I\000n\000s\000t\000a\000n\000c\000e\000s}{section*.22}% 24
\BOOKMARK [3][-]{section*.25}{\376\377\000S\000e\000c\000u\000r\000i\000t\000y\000\040\000g\000r\000o\000u\000p}{section*.22}% 25
\BOOKMARK [3][-]{section*.26}{\376\377\000I\000p\000\040\000f\000l\000o\000t\000a\000n\000t\000e\000s}{section*.22}% 26
\BOOKMARK [1][-]{section*.27}{\376\377\000I\000p\000\040\000f\000l\000o\000t\000a\000n\000t\000e\000s}{}% 27
\BOOKMARK [2][-]{section*.28}{\376\377\000R\000\351\000s\000e\000a\000u\000,\000\040\000s\000o\000u\000s\000-\000r\000\351\000s\000e\000a\000u\000\040\000e\000t\000\040\000r\000o\000u\000t\000e\000u\000r}{section*.27}% 28
\BOOKMARK [1][-]{section*.30}{\376\377\000S\000o\000u\000s\000-\000r\000\351\000s\000e\000a\000u}{}% 29
\BOOKMARK [1][-]{section*.31}{\376\377\000P\000o\000r\000t\000\040\000d\000u\000\040\000s\000o\000u\000s\000-\000r\000\351\000s\000e\000a\000u}{}% 30
\BOOKMARK [1][-]{section*.33}{\376\377\000P\000r\000o\000v\000i\000s\000i\000o\000n\000n\000e\000m\000e\000n\000t}{}% 31
\BOOKMARK [1][-]{section*.34}{\376\377\000A\000n\000s\000i\000b\000l\000e}{}% 32
\BOOKMARK [2][-]{section*.35}{\376\377\000P\000r\000\351\000s\000e\000n\000t\000a\000t\000i\000o\000n}{section*.34}% 33
\BOOKMARK [2][-]{section*.36}{\376\377\000U\000t\000i\000l\000i\000s\000a\000t\000i\000o\000n\000,\000\040\000F\000o\000n\000c\000t\000i\000o\000n\000n\000e\000m\000e\000n\000t\000,\000\040\000s\000y\000n\000t\000a\000x\000e}{section*.34}% 34
\BOOKMARK [2][-]{section*.37}{\376\377\000I\000n\000t\000\351\000g\000r\000a\000t\000i\000o\000n\000\040\000\340\000\040\000T\000e\000r\000r\000a\000f\000o\000r\000m}{section*.34}% 35
\BOOKMARK [2][-]{section*.38}{\376\377\000C\000o\000n\000f\000i\000g\000u\000r\000a\000t\000i\000o\000n\000\040\000e\000f\000f\000e\000c\000t\000u\000\351\000e\000\040\000\050\000p\000k\000\040\000o\000n\000\040\000l\000'\000a\000\040\000f\000a\000i\000t\000,\000\040\000s\000u\000r\000t\000o\000u\000t\000\040\000e\000x\000p\000l\000i\000q\000u\000\351\000\040\000p\000o\000u\000r\000\040\000l\000e\000s\000\040\000c\000l\000e\000f\000\040\000s\000s\000h\000\051}{section*.34}% 36
\BOOKMARK [1][-]{section*.39}{\376\377\000R\000\351\000p\000a\000r\000t\000i\000t\000i\000o\000n\000\040\000d\000e\000s\000\040\000t\000\342\000c\000h\000e\000s\000\040\000a\000u\000\040\000s\000e\000i\000n\000s\000\040\000d\000u\000\040\000g\000r\000o\000u\000p\000e}{}% 37
\BOOKMARK [1][-]{section*.40}{\376\377\000C\000o\000n\000c\000l\000u\000s\000i\000o\000n}{}% 38
\BOOKMARK [2][-]{section*.41}{\376\377\000C\000e\000\040\000q\000u\000'\000o\000n\000\040\000a\000\040\000f\000a\000i\000t}{section*.40}% 39
\BOOKMARK [2][-]{section*.42}{\376\377\000U\000t\000i\000l\000i\000t\000\351\000\040\000d\000e\000\040\000T\000e\000r\000r\000a\000f\000o\000r\000m\000,\000\040\000e\000a\000s\000y\000\040\000t\000o\000\040\000u\000s\000e\000\040\000?}{section*.40}% 40
