\BOOKMARK [1][-]{section.1}{\376\377\000I\000n\000t\000r\000o\000d\000u\000c\000t\000i\000o\000n}{}% 1
\BOOKMARK [2][-]{subsection.1.1}{\376\377\000L\000e\000\040\000c\000l\000o\000u\000d\000\040\000c\000o\000m\000p\000u\000t\000i\000n\000g}{section.1}% 2
\BOOKMARK [2][-]{subsection.1.2}{\376\377\000I\000n\000f\000r\000a\000s\000t\000r\000u\000c\000t\000u\000r\000e\000\040\000a\000s\000\040\000c\000o\000d\000e}{section.1}% 3
\BOOKMARK [2][-]{subsection.1.3}{\376\377\000M\000o\000u\000v\000a\000n\000c\000e\000\040\000d\000u\000\040\000D\000e\000v\000o\000p\000s}{section.1}% 4
\BOOKMARK [2][-]{subsection.1.4}{\376\377\000C\000o\000n\000t\000e\000x\000t\000e\000\040\000d\000u\000\040\000p\000r\000o\000j\000e\000t}{section.1}% 5
\BOOKMARK [2][-]{subsection.1.5}{\376\377\000E\000n\000j\000e\000u\000\040\000e\000t\000\040\000p\000r\000o\000b\000l\000\351\000m\000a\000t\000i\000q\000u\000e}{section.1}% 6
\BOOKMARK [1][-]{section.2}{\376\377\000P\000r\000\351\000s\000e\000n\000t\000a\000t\000i\000o\000n\000\040\000d\000'\000O\000p\000e\000n\000S\000t\000a\000c\000k\000\040\000e\000t\000\040\000u\000t\000i\000l\000i\000s\000a\000t\000i\000o\000n\000\040\000d\000u\000\040\000c\000l\000i\000e\000n\000t\000\040\000p\000y\000t\000h\000o\000n\000-\000n\000o\000v\000a}{}% 7
\BOOKMARK [2][-]{subsection.2.1}{\376\377\000I\000n\000t\000r\000o\000d\000u\000c\000t\000i\000o\000n}{section.2}% 8
\BOOKMARK [2][-]{subsection.2.2}{\376\377\000L\000e\000s\000\040\000m\000o\000d\000u\000l\000e\000s\000\040\000:\000\040\000s\000e\000r\000v\000i\000c\000e\000s\000\040\000d\000'\000O\000p\000e\000n\000S\000t\000a\000c\000k\000.}{section.2}% 9
\BOOKMARK [2][-]{subsection.2.3}{\376\377\000L\000e\000\040\000c\000l\000i\000e\000n\000t\000\040\000P\000y\000t\000h\000o\000n\000\040\000n\000o\000v\000a}{section.2}% 10
\BOOKMARK [2][-]{subsection.2.4}{\376\377\000C\000r\000\351\000a\000t\000i\000o\000n\000\040\000d\000e\000\040\000l\000'\000i\000n\000s\000t\000a\000n\000c\000e}{section.2}% 11
\BOOKMARK [1][-]{section.3}{\376\377\000P\000r\000\351\000s\000e\000n\000t\000a\000t\000i\000o\000n\000\040\000e\000t\000\040\000m\000i\000s\000e\000\040\000e\000n\000\040\000o\000e\000u\000v\000r\000e\000\040\000d\000e\000\040\000T\000e\000r\000r\000a\000f\000o\000r\000m}{}% 12
\BOOKMARK [2][-]{subsection.3.1}{\376\377\000P\000r\000\351\000s\000e\000n\000t\000a\000t\000i\000o\000n}{section.3}% 13
\BOOKMARK [2][-]{subsection.3.2}{\376\377\000C\000a\000r\000a\000c\000t\000\351\000r\000i\000s\000t\000i\000q\000u\000e\000s}{section.3}% 14
\BOOKMARK [2][-]{subsection.3.3}{\376\377\000Q\000u\000e\000l\000q\000u\000e\000s\000\040\000c\000a\000s\000\040\000d\000'\000u\000t\000i\000l\000i\000s\000a\000t\000i\000o\000n\000s}{section.3}% 15
\BOOKMARK [2][-]{subsection.3.4}{\376\377\000S\000y\000n\000t\000a\000x\000e\000\040\000u\000t\000i\000l\000i\000s\000\351\000e}{section.3}% 16
\BOOKMARK [2][-]{subsection.3.5}{\376\377\000F\000o\000n\000c\000t\000i\000o\000n\000n\000e\000m\000e\000n\000t}{section.3}% 17
\BOOKMARK [2][-]{subsection.3.6}{\376\377\000C\000o\000n\000f\000i\000g\000u\000r\000a\000t\000i\000o\000n\000s\000\040\000e\000f\000f\000e\000c\000t\000u\000\351\000e\000s}{section.3}% 18
\BOOKMARK [1][-]{section.4}{\376\377\000P\000r\000o\000v\000i\000s\000i\000o\000n\000n\000e\000m\000e\000n\000t\000\040\000d\000e\000s\000\040\000i\000n\000s\000t\000a\000n\000c\000e\000s\000\040\000T\000e\000r\000r\000a\000f\000o\000r\000m\000\040\000a\000v\000e\000c\000\040\000A\000n\000s\000i\000b\000l\000e}{}% 19
\BOOKMARK [2][-]{subsection.4.1}{\376\377\000P\000r\000\351\000s\000e\000n\000t\000a\000t\000i\000o\000n}{section.4}% 20
\BOOKMARK [2][-]{subsection.4.2}{\376\377\000U\000t\000i\000l\000i\000s\000a\000t\000i\000o\000n}{section.4}% 21
\BOOKMARK [2][-]{subsection.4.3}{\376\377\000F\000o\000n\000c\000t\000i\000o\000n\000n\000e\000m\000e\000n\000t}{section.4}% 22
\BOOKMARK [2][-]{subsection.4.4}{\376\377\000I\000n\000t\000\351\000g\000r\000a\000t\000i\000o\000n\000\040\000a\000v\000e\000c\000\040\000T\000e\000r\000r\000a\000f\000o\000r\000m}{section.4}% 23
\BOOKMARK [2][-]{subsection.4.5}{\376\377\000P\000r\000o\000b\000l\000\350\000m\000e\000s\000\040\000r\000e\000n\000c\000o\000n\000t\000r\000\351\000s}{section.4}% 24
\BOOKMARK [1][-]{section.5}{\376\377\000G\000e\000s\000t\000i\000o\000n\000\040\000d\000u\000\040\000p\000r\000o\000j\000e\000t}{}% 25
\BOOKMARK [1][-]{section.6}{\376\377\000Q\000u\000'\000a\000v\000a\000i\000t\000-\000i\000l\000\040\000a\000v\000a\000n\000t\000\040\000T\000e\000r\000r\000a\000f\000o\000r\000m\000\040\000?}{}% 26
\BOOKMARK [2][-]{subsection.6.1}{\376\377\000A\000W\000S\000\040\000C\000l\000o\000u\000d\000F\000o\000r\000m\000a\000t\000i\000o\000n}{section.6}% 27
\BOOKMARK [2][-]{subsection.6.2}{\376\377\000H\000e\000a\000t}{section.6}% 28
\BOOKMARK [2][-]{subsection.6.3}{\376\377\000T\000e\000r\000r\000a\000f\000o\000r\000m\000\040\000v\000s\000\040\000l\000e\000s\000\040\000a\000u\000t\000r\000e\000s\000\040\000l\000o\000g\000i\000c\000i\000e\000l\000s}{section.6}% 29
\BOOKMARK [1][-]{section.7}{\376\377\000C\000o\000n\000c\000l\000u\000s\000i\000o\000n}{}% 30
\BOOKMARK [1][-]{section.8}{\376\377\000B\000i\000b\000l\000i\000o\000g\000r\000a\000p\000h\000i\000e\000\040\000e\000t\000\040\000W\000e\000b\000o\000g\000r\000a\000p\000h\000i\000e}{}% 31
\BOOKMARK [1][-]{section.9}{\376\377\000A\000n\000n\000e\000x\000e\000s}{}% 32
